<?xml version="1.0" encoding="UTF-8"?>
<testsuite xmlns:xsi="http://www.w3.org/2001/XMLSchema-instance" xsi:schemaLocation="https://maven.apache.org/surefire/maven-surefire-plugin/xsd/surefire-test-report.xsd" name="SightingsTest" time="189.417" tests="5" errors="5" skipped="0" failures="0">
  <properties>
[...]
</properties>
  <testcase name="findSightingByID" classname="SightingsTest" time="42.073">
    <error message="Could not acquire a connection from DataSource - Connection to ec2-18-209-187-54.compute-1.amazonaws.com:5432 refused. Check that the hostname and port are correct and that the postmaster is accepting TCP/IP connections." type="org.sql2o.Sql2oException">org.sql2o.Sql2oException: Could not acquire a connection from DataSource - Connection to ec2-18-209-187-54.compute-1.amazonaws.com:5432 refused. Check that the hostname and port are correct and that the postmaster is accepting TCP/IP connections.
Caused by: org.postgresql.util.PSQLException: Connection to ec2-18-209-187-54.compute-1.amazonaws.com:5432 refused. Check that the hostname and port are correct and that the postmaster is accepting TCP/IP connections.
Caused by: java.net.ConnectException: Connection timed out: connect
</error>
  </testcase>
  <testcase name="createInstanceOfSightingsClass_true" classname="SightingsTest" time="21.062">
    <error message="Could not acquire a connection from DataSource - Connection to ec2-18-209-187-54.compute-1.amazonaws.com:5432 refused. Check that the hostname and port are correct and that the postmaster is accepting TCP/IP connections." type="org.sql2o.Sql2oException">org.sql2o.Sql2oException: Could not acquire a connection from DataSource - Connection to ec2-18-209-187-54.compute-1.amazonaws.com:5432 refused. Check that the hostname and port are correct and that the postmaster is accepting TCP/IP connections.
Caused by: org.postgresql.util.PSQLException: Connection to ec2-18-209-187-54.compute-1.amazonaws.com:5432 refused. Check that the hostname and port are correct and that the postmaster is accepting TCP/IP connections.
Caused by: java.net.ConnectException: Connection timed out: connect
</error>
  </testcase>
  <testcase name="deleteAll" classname="SightingsTest" time="42.106">
    <error message="Could not acquire a connection from DataSource - Connection to ec2-18-209-187-54.compute-1.amazonaws.com:5432 refused. Check that the hostname and port are correct and that the postmaster is accepting TCP/IP connections." type="org.sql2o.Sql2oException">org.sql2o.Sql2oException: Could not acquire a connection from DataSource - Connection to ec2-18-209-187-54.compute-1.amazonaws.com:5432 refused. Check that the hostname and port are correct and that the postmaster is accepting TCP/IP connections.
Caused by: org.postgresql.util.PSQLException: Connection to ec2-18-209-187-54.compute-1.amazonaws.com:5432 refused. Check that the hostname and port are correct and that the postmaster is accepting TCP/IP connections.
Caused by: java.net.ConnectException: Connection timed out: connect
</error>
  </testcase>
  <testcase name="allInstancesAreSaved" classname="SightingsTest" time="42.065">
    <error message="Could not acquire a connection from DataSource - Connection to ec2-18-209-187-54.compute-1.amazonaws.com:5432 refused. Check that the hostname and port are correct and that the postmaster is accepting TCP/IP connections." type="org.sql2o.Sql2oException">org.sql2o.Sql2oException: Could not acquire a connection from DataSource - Connection to ec2-18-209-187-54.compute-1.amazonaws.com:5432 refused. Check that the hostname and port are correct and that the postmaster is accepting TCP/IP connections.
Caused by: org.postgresql.util.PSQLException: Connection to ec2-18-209-187-54.compute-1.amazonaws.com:5432 refused. Check that the hostname and port are correct and that the postmaster is accepting TCP/IP connections.
Caused by: java.net.ConnectException: Connection timed out: connect
</error>
  </testcase>
  <testcase name="deleteSightingByID" classname="SightingsTest" time="42.11">
    <error message="Could not acquire a connection from DataSource - Connection to ec2-18-209-187-54.compute-1.amazonaws.com:5432 refused. Check that the hostname and port are correct and that the postmaster is accepting TCP/IP connections." type="org.sql2o.Sql2oException">org.sql2o.Sql2oException: Could not acquire a connection from DataSource - Connection to ec2-18-209-187-54.compute-1.amazonaws.com:5432 refused. Check that the hostname and port are correct and that the postmaster is accepting TCP/IP connections.
Caused by: org.postgresql.util.PSQLException: Connection to ec2-18-209-187-54.compute-1.amazonaws.com:5432 refused. Check that the hostname and port are correct and that the postmaster is accepting TCP/IP connections.
Caused by: java.net.ConnectException: Connection timed out: connect
</error>
  </testcase>
</testsuite>