<?xml version="1.0" encoding="UTF-8"?>
<testsuite xmlns:xsi="http://www.w3.org/2001/XMLSchema-instance" xsi:schemaLocation="https://maven.apache.org/surefire/maven-surefire-plugin/xsd/surefire-test-report.xsd" name="RangersTest" time="273.497" tests="7" errors="7" skipped="0" failures="0">
  <properties>
[...]
</properties>
  <testcase name="entriesAreDeleted" classname="RangersTest" time="42.077">
    <error message="Could not acquire a connection from DataSource - Connection to ec2-18-209-187-54.compute-1.amazonaws.com:5432 refused. Check that the hostname and port are correct and that the postmaster is accepting TCP/IP connections." type="org.sql2o.Sql2oException">org.sql2o.Sql2oException: Could not acquire a connection from DataSource - Connection to ec2-18-209-187-54.compute-1.amazonaws.com:5432 refused. Check that the hostname and port are correct and that the postmaster is accepting TCP/IP connections.
Caused by: org.postgresql.util.PSQLException: Connection to ec2-18-209-187-54.compute-1.amazonaws.com:5432 refused. Check that the hostname and port are correct and that the postmaster is accepting TCP/IP connections.
Caused by: java.net.ConnectException: Connection timed out: connect
</error>
  </testcase>
  <testcase name="allSightingsAreReturnedForRanger" classname="RangersTest" time="42.052">
    <error message="Could not acquire a connection from DataSource - Connection to ec2-18-209-187-54.compute-1.amazonaws.com:5432 refused. Check that the hostname and port are correct and that the postmaster is accepting TCP/IP connections." type="org.sql2o.Sql2oException">org.sql2o.Sql2oException: Could not acquire a connection from DataSource - Connection to ec2-18-209-187-54.compute-1.amazonaws.com:5432 refused. Check that the hostname and port are correct and that the postmaster is accepting TCP/IP connections.
Caused by: org.postgresql.util.PSQLException: Connection to ec2-18-209-187-54.compute-1.amazonaws.com:5432 refused. Check that the hostname and port are correct and that the postmaster is accepting TCP/IP connections.
Caused by: java.net.ConnectException: Connection timed out: connect
</error>
  </testcase>
  <testcase name="createInstanceOfRangersClass_true" classname="RangersTest" time="21.025">
    <error message="Could not acquire a connection from DataSource - Connection to ec2-18-209-187-54.compute-1.amazonaws.com:5432 refused. Check that the hostname and port are correct and that the postmaster is accepting TCP/IP connections." type="org.sql2o.Sql2oException">org.sql2o.Sql2oException: Could not acquire a connection from DataSource - Connection to ec2-18-209-187-54.compute-1.amazonaws.com:5432 refused. Check that the hostname and port are correct and that the postmaster is accepting TCP/IP connections.
Caused by: org.postgresql.util.PSQLException: Connection to ec2-18-209-187-54.compute-1.amazonaws.com:5432 refused. Check that the hostname and port are correct and that the postmaster is accepting TCP/IP connections.
Caused by: java.net.ConnectException: Connection timed out: connect
</error>
  </testcase>
  <testcase name="findById" classname="RangersTest" time="42.09">
    <error message="Could not acquire a connection from DataSource - Connection to ec2-18-209-187-54.compute-1.amazonaws.com:5432 refused. Check that the hostname and port are correct and that the postmaster is accepting TCP/IP connections." type="org.sql2o.Sql2oException">org.sql2o.Sql2oException: Could not acquire a connection from DataSource - Connection to ec2-18-209-187-54.compute-1.amazonaws.com:5432 refused. Check that the hostname and port are correct and that the postmaster is accepting TCP/IP connections.
Caused by: org.postgresql.util.PSQLException: Connection to ec2-18-209-187-54.compute-1.amazonaws.com:5432 refused. Check that the hostname and port are correct and that the postmaster is accepting TCP/IP connections.
Caused by: java.net.ConnectException: Connection timed out: connect
</error>
  </testcase>
  <testcase name="entryIsUpdatedCorrectly" classname="RangersTest" time="42.102">
    <error message="Could not acquire a connection from DataSource - Connection to ec2-18-209-187-54.compute-1.amazonaws.com:5432 refused. Check that the hostname and port are correct and that the postmaster is accepting TCP/IP connections." type="org.sql2o.Sql2oException">org.sql2o.Sql2oException: Could not acquire a connection from DataSource - Connection to ec2-18-209-187-54.compute-1.amazonaws.com:5432 refused. Check that the hostname and port are correct and that the postmaster is accepting TCP/IP connections.
Caused by: org.postgresql.util.PSQLException: Connection to ec2-18-209-187-54.compute-1.amazonaws.com:5432 refused. Check that the hostname and port are correct and that the postmaster is accepting TCP/IP connections.
Caused by: java.net.ConnectException: Connection timed out: connect
</error>
  </testcase>
  <testcase name="allEntriesAreSaved" classname="RangersTest" time="42.08">
    <error message="Could not acquire a connection from DataSource - Connection to ec2-18-209-187-54.compute-1.amazonaws.com:5432 refused. Check that the hostname and port are correct and that the postmaster is accepting TCP/IP connections." type="org.sql2o.Sql2oException">org.sql2o.Sql2oException: Could not acquire a connection from DataSource - Connection to ec2-18-209-187-54.compute-1.amazonaws.com:5432 refused. Check that the hostname and port are correct and that the postmaster is accepting TCP/IP connections.
Caused by: org.postgresql.util.PSQLException: Connection to ec2-18-209-187-54.compute-1.amazonaws.com:5432 refused. Check that the hostname and port are correct and that the postmaster is accepting TCP/IP connections.
Caused by: java.net.ConnectException: Connection timed out: connect
</error>
  </testcase>
  <testcase name="emptyFieldsAreNotSaved" classname="RangersTest" time="42.07">
    <error message="Could not acquire a connection from DataSource - Connection to ec2-18-209-187-54.compute-1.amazonaws.com:5432 refused. Check that the hostname and port are correct and that the postmaster is accepting TCP/IP connections." type="org.sql2o.Sql2oException">org.sql2o.Sql2oException: Could not acquire a connection from DataSource - Connection to ec2-18-209-187-54.compute-1.amazonaws.com:5432 refused. Check that the hostname and port are correct and that the postmaster is accepting TCP/IP connections.
Caused by: org.postgresql.util.PSQLException: Connection to ec2-18-209-187-54.compute-1.amazonaws.com:5432 refused. Check that the hostname and port are correct and that the postmaster is accepting TCP/IP connections.
Caused by: java.net.ConnectException: Connection timed out: connect
</error>
  </testcase>
</testsuite>